<?xml version="1.0" encoding="UTF-8"?>
<!-- Generated by org.testng.reporters.JUnitReportReporter -->
<testsuite skipped="0" hostname="DESKTOP-LV43S8E" name="Project.Homepage" tests="2" failures="0" timestamp="2021-09-09T14:40:48 IST" time="13.536" errors="0">
  <testcase name="basePageNavigation" time="10.933" classname="Project.Homepage"/>
  <system-out/>
  <testcase name="basePageNavigation" time="2.603" classname="Project.Homepage"/>
  <system-out/>
</testsuite> <!-- Project.Homepage -->
